<?xml version="1.0" encoding="UTF-8"?>
<!-- Generated by org.testng.reporters.JUnitXMLReporter -->
<testsuite ignored="1" hostname="192.168.1.43" failures="0" tests="6" name="Free CRM App Test Cases" time="242.817" errors="0" timestamp="2025-06-21T14:35:01 IST">
  <testcase classname="com.qa.testcases.HomePageTest" name="@BeforeMethod setup" time="48.512">
    <failure type="java.lang.AssertionError" message="Exception during login: invalid session id: session deleted as the browser has closed the connection
from disconnected: Unable to receive message from renderer
  (Session info: chrome=137.0.7151.120)
Build info: version: &amp;apos;4.33.0&amp;apos;, revision: &amp;apos;2c6aaad03a&amp;apos;
System info: os.name: &amp;apos;Mac OS X&amp;apos;, os.arch: &amp;apos;x86_64&amp;apos;, os.version: &amp;apos;15.3.2&amp;apos;, java.version: &amp;apos;23.0.2&amp;apos;
Driver info: org.openqa.selenium.chrome.ChromeDriver
Command: [dff0cb50ac47ca7d76fa388174ce64d5, get {url=https://ui.cogmento.com/?lang=en}]
Capabilities {acceptInsecureCerts: false, browserName: chrome, browserVersion: 137.0.7151.120, chrome: {chromedriverVersion: 137.0.7151.119 (e0ac9d12dff..., userDataDir: /var/folders/t7/9ryqwg35707...}, fedcm:accounts: true, goog:chromeOptions: {debuggerAddress: localhost:59650}, networkConnectionEnabled: false, pageLoadStrategy: normal, platformName: mac, proxy: Proxy(), se:cdp: ws://localhost:59650/devtoo..., se:cdpVersion: 137.0.7151.120, setWindowRect: true, strictFileInteractability: false, timeouts: {implicit: 0, pageLoad: 300000, script: 30000}, unhandledPromptBehavior: dismiss and notify, webauthn:extension:credBlob: true, webauthn:extension:largeBlob: true, webauthn:extension:minPinLength: true, webauthn:extension:prf: true, webauthn:virtualAuthenticators: true}
Session ID: dff0cb50ac47ca7d76fa388174ce64d5">
      <![CDATA[java.lang.AssertionError: Exception during login: invalid session id: session deleted as the browser has closed the connection
from disconnected: Unable to receive message from renderer
  (Session info: chrome=137.0.7151.120)
Build info: version: '4.33.0', revision: '2c6aaad03a'
System info: os.name: 'Mac OS X', os.arch: 'x86_64', os.version: '15.3.2', java.version: '23.0.2'
Driver info: org.openqa.selenium.chrome.ChromeDriver
Command: [dff0cb50ac47ca7d76fa388174ce64d5, get {url=https://ui.cogmento.com/?lang=en}]
Capabilities {acceptInsecureCerts: false, browserName: chrome, browserVersion: 137.0.7151.120, chrome: {chromedriverVersion: 137.0.7151.119 (e0ac9d12dff..., userDataDir: /var/folders/t7/9ryqwg35707...}, fedcm:accounts: true, goog:chromeOptions: {debuggerAddress: localhost:59650}, networkConnectionEnabled: false, pageLoadStrategy: normal, platformName: mac, proxy: Proxy(), se:cdp: ws://localhost:59650/devtoo..., se:cdpVersion: 137.0.7151.120, setWindowRect: true, strictFileInteractability: false, timeouts: {implicit: 0, pageLoad: 300000, script: 30000}, unhandledPromptBehavior: dismiss and notify, webauthn:extension:credBlob: true, webauthn:extension:largeBlob: true, webauthn:extension:minPinLength: true, webauthn:extension:prf: true, webauthn:virtualAuthenticators: true}
Session ID: dff0cb50ac47ca7d76fa388174ce64d5
at com.qa.testcases.HomePageTest.setup(HomePageTest.java:39)
at java.base/java.util.concurrent.Executors$RunnableAdapter.call(Executors.java:572)
at java.base/java.util.concurrent.FutureTask.run(FutureTask.java:317)
at java.base/java.util.concurrent.ThreadPoolExecutor.runWorker(ThreadPoolExecutor.java:1144)
at java.base/java.util.concurrent.ThreadPoolExecutor$Worker.run(ThreadPoolExecutor.java:642)
at java.base/java.lang.Thread.run(Thread.java:1575)
... Removed 16 stack frames]]>
    </failure>
  </testcase> <!-- @BeforeMethod setup -->
  <testcase classname="com.qa.testcases.HomePageTest" name="@AfterMethod teardown" time="0.0">
    <skipped/>
  </testcase> <!-- @AfterMethod teardown -->
  <testcase classname="com.qa.testcases.HomePageTest" name="@BeforeMethod setup" time="0.0">
    <skipped/>
  </testcase> <!-- @BeforeMethod setup -->
  <testcase classname="com.qa.testcases.HomePageTest" name="@AfterMethod teardown" time="0.0">
    <skipped/>
  </testcase> <!-- @AfterMethod teardown -->
  <testcase classname="com.qa.testcases.LoginPageTest" name="LoginPageTitleTest" time="0.614"/>
  <testcase classname="com.qa.testcases.LoginPageTest" name="loginchk" time="75.241"/>
  <testcase classname="com.qa.testcases.HomePageTest" name="ValidateName" time="34.227"/>
  <testcase classname="com.qa.testcases.HomePageTest" name="validateContact" time="19.881"/>
  <testcase classname="com.qa.testcases.HomePageTest" name="validateTask" time="0.001">
    <skipped/>
  </testcase> <!-- validateTask -->
  <testcase classname="com.qa.testcases.HomePageTest" name="validateTitle" time="0.0">
    <skipped/>
  </testcase> <!-- validateTitle -->
  <testcase classname="com.qa.testcases.LoginPageTest" name="LoginPageLogoTest" time="0.0">
    <ignored/>
  </testcase> <!-- LoginPageLogoTest -->
</testsuite> <!-- Free CRM App Test Cases -->
