<?xml version="1.0" encoding="UTF-8"?>
<!-- Generated by org.testng.reporters.JUnitXMLReporter -->
<testsuite ignored="0" hostname="192.168.1.43" failures="0" tests="4" name="Default test" time="407.385" errors="0" timestamp="2025-06-21T15:06:21 IST">
  <testcase classname="com.qa.testcases.ContactPageTest" name="createContact" time="18.06"/>
  <testcase classname="com.qa.testcases.ContactPageTest" name="createContact" time="19.183"/>
  <testcase classname="com.qa.testcases.ContactPageTest" name="createContact" time="21.679"/>
  <testcase classname="com.qa.testcases.ContactPageTest" name="checkContactName" time="0.257"/>
</testsuite> <!-- Default test -->
