<?xml version="1.0" encoding="UTF-8"?>
<testng-results ignored="0" total="4" passed="4" failed="0" skipped="0">
  <reporter-output>
  </reporter-output>
  <suite started-at="2025-06-21T14:59:33 IST" name="Default suite" finished-at="2025-06-21T15:06:21 IST" duration-ms="407385">
    <groups>
    </groups>
    <test started-at="2025-06-21T14:59:33 IST" name="Default test" finished-at="2025-06-21T15:06:21 IST" duration-ms="407385">
      <class name="com.qa.testcases.ContactPageTest">
        <test-method is-config="true" signature="setup()[pri:0, instance:com.qa.testcases.ContactPageTest@ba2f4ec]" started-at="2025-06-21T14:59:35 IST" name="setup" finished-at="2025-06-21T15:01:03 IST" duration-ms="88908" status="PASS">
          <reporter-output>
          </reporter-output>
        </test-method> <!-- setup -->
        <test-method signature="createContact(java.lang.String,java.lang.String,java.lang.String,java.lang.String)[pri:1, instance:com.qa.testcases.ContactPageTest@ba2f4ec]" started-at="2025-06-21T15:01:04 IST" name="createContact" data-provider="getTestData" finished-at="2025-06-21T15:01:22 IST" duration-ms="18060" status="PASS">
          <params>
            <param index="0">
              <value>
                <![CDATA[Diksha]]>
              </value>
            </param>
            <param index="1">
              <value>
                <![CDATA[Sharma]]>
              </value>
            </param>
            <param index="2">
              <value>
                <![CDATA[New]]>
              </value>
            </param>
            <param index="3">
              <value>
                <![CDATA[Lead]]>
              </value>
            </param>
          </params>
          <reporter-output>
          </reporter-output>
        </test-method> <!-- createContact -->
        <test-method is-config="true" signature="quit()[pri:0, instance:com.qa.testcases.ContactPageTest@ba2f4ec]" started-at="2025-06-21T15:01:22 IST" name="quit" finished-at="2025-06-21T15:01:22 IST" duration-ms="425" status="PASS">
          <reporter-output>
          </reporter-output>
        </test-method> <!-- quit -->
        <test-method is-config="true" signature="setup()[pri:0, instance:com.qa.testcases.ContactPageTest@ba2f4ec]" started-at="2025-06-21T15:01:22 IST" name="setup" finished-at="2025-06-21T15:02:47 IST" duration-ms="85432" status="PASS">
          <reporter-output>
          </reporter-output>
        </test-method> <!-- setup -->
        <test-method signature="createContact(java.lang.String,java.lang.String,java.lang.String,java.lang.String)[pri:1, instance:com.qa.testcases.ContactPageTest@ba2f4ec]" started-at="2025-06-21T15:02:47 IST" name="createContact" data-provider="getTestData" finished-at="2025-06-21T15:03:07 IST" duration-ms="19183" status="PASS">
          <params>
            <param index="0">
              <value>
                <![CDATA[Paras]]>
              </value>
            </param>
            <param index="1">
              <value>
                <![CDATA[Sharma]]>
              </value>
            </param>
            <param index="2">
              <value>
                <![CDATA[New]]>
              </value>
            </param>
            <param index="3">
              <value>
                <![CDATA[Customer]]>
              </value>
            </param>
          </params>
          <reporter-output>
          </reporter-output>
        </test-method> <!-- createContact -->
        <test-method is-config="true" signature="quit()[pri:0, instance:com.qa.testcases.ContactPageTest@ba2f4ec]" started-at="2025-06-21T15:03:07 IST" name="quit" finished-at="2025-06-21T15:03:07 IST" duration-ms="329" status="PASS">
          <reporter-output>
          </reporter-output>
        </test-method> <!-- quit -->
        <test-method is-config="true" signature="setup()[pri:0, instance:com.qa.testcases.ContactPageTest@ba2f4ec]" started-at="2025-06-21T15:03:07 IST" name="setup" finished-at="2025-06-21T15:04:29 IST" duration-ms="82501" status="PASS">
          <reporter-output>
          </reporter-output>
        </test-method> <!-- setup -->
        <test-method signature="createContact(java.lang.String,java.lang.String,java.lang.String,java.lang.String)[pri:1, instance:com.qa.testcases.ContactPageTest@ba2f4ec]" started-at="2025-06-21T15:04:29 IST" name="createContact" data-provider="getTestData" finished-at="2025-06-21T15:04:51 IST" duration-ms="21679" status="PASS">
          <params>
            <param index="0">
              <value>
                <![CDATA[Deesksha]]>
              </value>
            </param>
            <param index="1">
              <value>
                <![CDATA[Pandey]]>
              </value>
            </param>
            <param index="2">
              <value>
                <![CDATA[Active]]>
              </value>
            </param>
            <param index="3">
              <value>
                <![CDATA[Lead]]>
              </value>
            </param>
          </params>
          <reporter-output>
          </reporter-output>
        </test-method> <!-- createContact -->
        <test-method is-config="true" signature="quit()[pri:0, instance:com.qa.testcases.ContactPageTest@ba2f4ec]" started-at="2025-06-21T15:04:51 IST" name="quit" finished-at="2025-06-21T15:04:52 IST" duration-ms="324" status="PASS">
          <reporter-output>
          </reporter-output>
        </test-method> <!-- quit -->
        <test-method is-config="true" signature="setup()[pri:0, instance:com.qa.testcases.ContactPageTest@ba2f4ec]" started-at="2025-06-21T15:04:52 IST" name="setup" finished-at="2025-06-21T15:06:20 IST" duration-ms="88704" status="PASS">
          <reporter-output>
          </reporter-output>
        </test-method> <!-- setup -->
        <test-method signature="checkContactName()[pri:2, instance:com.qa.testcases.ContactPageTest@ba2f4ec]" started-at="2025-06-21T15:06:20 IST" name="checkContactName" finished-at="2025-06-21T15:06:20 IST" duration-ms="257" status="PASS">
          <reporter-output>
          </reporter-output>
        </test-method> <!-- checkContactName -->
        <test-method is-config="true" signature="quit()[pri:0, instance:com.qa.testcases.ContactPageTest@ba2f4ec]" started-at="2025-06-21T15:06:21 IST" name="quit" finished-at="2025-06-21T15:06:21 IST" duration-ms="258" status="PASS">
          <reporter-output>
          </reporter-output>
        </test-method> <!-- quit -->
      </class> <!-- com.qa.testcases.ContactPageTest -->
    </test> <!-- Default test -->
  </suite> <!-- Default suite -->
</testng-results>
